{"@timestamp":"2025-01-13T03:41:52.78Z","@version":"1","message":"No valid session found.","logger_name":"com.cheikh.gestionstock.services.UserServices","thread_name":"JavaFX Application Thread","level":"WARN","level_value":30000}
{"@timestamp":"2025-01-13T03:41:53.235Z","@version":"1","message":"HHH000204: Processing PersistenceUnitInfo [name: pu]","logger_name":"org.hibernate.jpa.internal.util.LogHelper","thread_name":"JavaFX Application Thread","level":"INFO","level_value":20000}
{"@timestamp":"2025-01-13T03:41:53.322Z","@version":"1","message":"HHH000412: Hibernate ORM core version [WORKING]","logger_name":"org.hibernate.Version","thread_name":"JavaFX Application Thread","level":"INFO","level_value":20000}
{"@timestamp":"2025-01-13T03:41:53.359Z","@version":"1","message":"HHH000026: Second-level cache disabled","logger_name":"org.hibernate.cache.internal.RegionFactoryInitiator","thread_name":"JavaFX Application Thread","level":"INFO","level_value":20000}
{"@timestamp":"2025-01-13T03:41:53.78Z","@version":"1","message":"HHH10001002: Using built-in connection pool (not intended for production use)","logger_name":"org.hibernate.orm.connections.pooling","thread_name":"JavaFX Application Thread","level":"WARN","level_value":30000}
{"@timestamp":"2025-01-13T03:41:53.791Z","@version":"1","message":"HHH10001005: Loaded JDBC driver class: com.mysql.cj.jdbc.Driver","logger_name":"org.hibernate.orm.connections.pooling","thread_name":"JavaFX Application Thread","level":"INFO","level_value":20000}
{"@timestamp":"2025-01-13T03:41:53.791Z","@version":"1","message":"HHH10001012: Connecting with JDBC URL [jdbc:mysql://localhost:3306/stockmanagement]","logger_name":"org.hibernate.orm.connections.pooling","thread_name":"JavaFX Application Thread","level":"INFO","level_value":20000}
{"@timestamp":"2025-01-13T03:41:53.792Z","@version":"1","message":"HHH10001001: Connection properties: {password=****, user=root}","logger_name":"org.hibernate.orm.connections.pooling","thread_name":"JavaFX Application Thread","level":"INFO","level_value":20000}
{"@timestamp":"2025-01-13T03:41:53.792Z","@version":"1","message":"HHH10001003: Autocommit mode: false","logger_name":"org.hibernate.orm.connections.pooling","thread_name":"JavaFX Application Thread","level":"INFO","level_value":20000}
{"@timestamp":"2025-01-13T03:41:53.794Z","@version":"1","message":"HHH10001115: Connection pool size: 20 (min=1)","logger_name":"org.hibernate.orm.connections.pooling","thread_name":"JavaFX Application Thread","level":"INFO","level_value":20000}
{"@timestamp":"2025-01-13T03:41:56.146Z","@version":"1","message":"HHH10001501: Connection obtained from JdbcConnectionAccess [org.hibernate.engine.jdbc.env.internal.JdbcEnvironmentInitiator$ConnectionProviderJdbcConnectionAccess@37570ce0] for (non-JTA) DDL execution was not in auto-commit mode; the Connection 'local transaction' will be committed and the Connection will be set into auto-commit mode.","logger_name":"org.hibernate.orm.connections.access","thread_name":"JavaFX Application Thread","level":"INFO","level_value":20000}
{"@timestamp":"2025-01-13T03:43:43.425Z","@version":"1","message":"User with email cheikh@gmail.com logged in successfully. Session key generated.","logger_name":"com.cheikh.gestionstock.services.UserServices","thread_name":"JavaFX Application Thread","level":"INFO","level_value":20000}
{"@timestamp":"2025-01-13T03:43:43.462Z","@version":"1","message":"Valid session found for user with email: cheikh@gmail.com","logger_name":"com.cheikh.gestionstock.services.UserServices","thread_name":"JavaFX Application Thread","level":"INFO","level_value":20000}
{"@timestamp":"2025-01-13T03:43:56.469Z","@version":"1","message":"HHH000204: Processing PersistenceUnitInfo [name: pu]","logger_name":"org.hibernate.jpa.internal.util.LogHelper","thread_name":"JavaFX Application Thread","level":"INFO","level_value":20000}
{"@timestamp":"2025-01-13T03:43:56.524Z","@version":"1","message":"HHH000412: Hibernate ORM core version [WORKING]","logger_name":"org.hibernate.Version","thread_name":"JavaFX Application Thread","level":"INFO","level_value":20000}
{"@timestamp":"2025-01-13T03:43:56.565Z","@version":"1","message":"HHH000026: Second-level cache disabled","logger_name":"org.hibernate.cache.internal.RegionFactoryInitiator","thread_name":"JavaFX Application Thread","level":"INFO","level_value":20000}
{"@timestamp":"2025-01-13T03:43:56.794Z","@version":"1","message":"HHH10001002: Using built-in connection pool (not intended for production use)","logger_name":"org.hibernate.orm.connections.pooling","thread_name":"JavaFX Application Thread","level":"WARN","level_value":30000}
{"@timestamp":"2025-01-13T03:43:56.798Z","@version":"1","message":"HHH10001005: Loaded JDBC driver class: com.mysql.cj.jdbc.Driver","logger_name":"org.hibernate.orm.connections.pooling","thread_name":"JavaFX Application Thread","level":"INFO","level_value":20000}
{"@timestamp":"2025-01-13T03:43:56.798Z","@version":"1","message":"HHH10001012: Connecting with JDBC URL [jdbc:mysql://localhost:3306/stockmanagement]","logger_name":"org.hibernate.orm.connections.pooling","thread_name":"JavaFX Application Thread","level":"INFO","level_value":20000}
{"@timestamp":"2025-01-13T03:43:56.799Z","@version":"1","message":"HHH10001001: Connection properties: {password=****, user=root}","logger_name":"org.hibernate.orm.connections.pooling","thread_name":"JavaFX Application Thread","level":"INFO","level_value":20000}
{"@timestamp":"2025-01-13T03:43:56.799Z","@version":"1","message":"HHH10001003: Autocommit mode: false","logger_name":"org.hibernate.orm.connections.pooling","thread_name":"JavaFX Application Thread","level":"INFO","level_value":20000}
{"@timestamp":"2025-01-13T03:43:56.802Z","@version":"1","message":"HHH10001115: Connection pool size: 20 (min=1)","logger_name":"org.hibernate.orm.connections.pooling","thread_name":"JavaFX Application Thread","level":"INFO","level_value":20000}
{"@timestamp":"2025-01-13T03:43:58.486Z","@version":"1","message":"HHH10001501: Connection obtained from JdbcConnectionAccess [org.hibernate.engine.jdbc.env.internal.JdbcEnvironmentInitiator$ConnectionProviderJdbcConnectionAccess@2980e1ce] for (non-JTA) DDL execution was not in auto-commit mode; the Connection 'local transaction' will be committed and the Connection will be set into auto-commit mode.","logger_name":"org.hibernate.orm.connections.access","thread_name":"JavaFX Application Thread","level":"INFO","level_value":20000}
{"@timestamp":"2025-01-13T03:43:58.931Z","@version":"1","message":"Valid session found for user with email: cheikh@gmail.com","logger_name":"com.cheikh.gestionstock.services.UserServices","thread_name":"JavaFX Application Thread","level":"INFO","level_value":20000}
